<?xml version="1.0" encoding="UTF-8"?>
<!-- Generated by org.testng.reporters.JUnitXMLReporter -->
<testsuite ignored="1" hostname="LAPTOP-70MIPCT5" failures="0" tests="1" name="Default test" time="0.072" errors="0" timestamp="2022-09-13T11:23:40 IST">
  <testcase classname="flipkart.TestCase01" name="addToCart" time="0.01"/>
  <testcase classname="flipkart.TestCase01" name="removeFromCart" time="0.0">
    <ignored/>
  </testcase> <!-- removeFromCart -->
</testsuite> <!-- Default test -->
