<?xml version="1.0" encoding="UTF-8"?>
<testng-results ignored="1" total="2" passed="1" failed="0" skipped="0">
  <reporter-output>
  </reporter-output>
  <suite started-at="2022-09-13T11:23:40 IST" name="Default suite" finished-at="2022-09-13T11:23:40 IST" duration-ms="72">
    <groups>
    </groups>
    <test started-at="2022-09-13T11:23:40 IST" name="Default test" finished-at="2022-09-13T11:23:40 IST" duration-ms="72">
      <class name="flipkart.TestCase01">
        <test-method signature="addToCart()[pri:0, instance:flipkart.TestCase01@26275bef]" started-at="2022-09-13T11:23:40 IST" name="addToCart" finished-at="2022-09-13T11:23:40 IST" duration-ms="10" status="PASS">
          <reporter-output>
          </reporter-output>
        </test-method> <!-- addToCart -->
      </class> <!-- flipkart.TestCase01 -->
    </test> <!-- Default test -->
  </suite> <!-- Default suite -->
</testng-results>
